Seeding Formato...
PrismaClientKnownRequestError: 
Invalid `prisma.formato.create()` invocation in
/app/prisma/seed.ts:26:34

  23 const formatos = data['catalogo formato'];
  24 for (const f of formatos) {
  25     if (f['Formato']) {
→ 26         await prisma.formato.create(
The table `Formato` does not exist in the current database.
    at zr.handleRequestError (/app/node_modules/@prisma/client/src/runtime/RequestHandler.ts:237:13)
    at zr.handleAndLogRequestError (/app/node_modules/@prisma/client/src/runtime/RequestHandler.ts:183:12)
    at zr.request (/app/node_modules/@prisma/client/src/runtime/RequestHandler.ts:152:12)
    at processTicksAndRejections (node:internal/process/task_queues:103:5)
    at async a (/app/node_modules/@prisma/client/src/runtime/getPrismaClient.ts:963:24)
    at async main (/app/prisma/seed.ts:26:13) {
  code: 'P2021',
  meta: {
    modelName: 'Formato',
    driverAdapterError: DriverAdapterError: TableDoesNotExist
        at MariaDbTransaction.onError (/app/node_modules/@prisma/adapter-mariadb/dist/index.js:356:11)
        at MariaDbTransaction.performIO (/app/node_modules/@prisma/adapter-mariadb/dist/index.js:351:12)
        at processTicksAndRejections (node:internal/process/task_queues:103:5)
        at async MariaDbTransaction.queryRaw (/app/node_modules/@prisma/adapter-mariadb/dist/index.js:316:20)
        at async e.interpretNode (/app/node_modules/@prisma/client-engine-runtime/src/interpreter/query-interpreter.ts:186:26)
        at async e.interpretNode (/app/node_modules/@prisma/client-engine-runtime/src/interpreter/query-interpreter.ts:213:41)
        at async e.interpretNode (/app/node_modules/@prisma/client-engine-runtime/src/interpreter/query-interpreter.ts:314:34)
        at async e.interpretNode (/app/node_modules/@prisma/client-engine-runtime/src/interpreter/query-interpreter.ts:128:29)
        at async e.interpretNode (/app/node_modules/@prisma/client-engine-runtime/src/interpreter/query-interpreter.ts:272:41)
        at async e.interpretNode (/app/node_modules/@prisma/client-engine-runtime/src/interpreter/query-interpreter.ts:262:25) {
      cause: [Object]
    }
  },
  clientVersion: '7.8.0'
}
